<?xml version="1.0" encoding="UTF-8"?>
<!-- Generated by org.testng.reporters.JUnitReportReporter -->
<testsuite hostname="DESKTOP-D6T7QPH" failures="0" tests="1" name="com.testcases.LoginTest" time="22.389" errors="0" timestamp="2023-01-16T10:01:38 IST" skipped="0">
  <testcase classname="com.testcases.LoginTest" name="valid_login" time="22.389"/>
  <system-out/>
</testsuite> <!-- com.testcases.LoginTest -->
