<?xml version="1.0" encoding="UTF-8"?>
<!-- Generated by org.testng.reporters.JUnitReportReporter -->
<testsuite hostname="DESKTOP-D6T7QPH" failures="0" tests="1" name="com.testcases.HomeTest" time="86.005" errors="0" timestamp="2023-01-15T20:42:48 IST" skipped="0">
  <testcase classname="com.testcases.HomeTest" name="clickOnLoginBtn" time="86.005"/>
  <system-out/>
</testsuite> <!-- com.testcases.HomeTest -->
